<?xml version="1.0" encoding="UTF-8"?>
<!-- Generated by org.testng.reporters.JUnitXMLReporter -->
<testsuite ignored="0" hostname="woong" failures="0" tests="4" name="Default test" time="4.187" errors="0" timestamp="2024-05-21T15:44:19 MDT">
  <testcase classname="api.test.UserTest" name="testPostUser" time="2.17"/>
  <testcase classname="api.test.UserTest" name="testGetUser" time="0.291"/>
  <testcase classname="api.test.UserTest" name="testUpdateUser" time="0.542"/>
  <testcase classname="api.test.UserTest" name="testDeleteUser" time="0.262"/>
</testsuite> <!-- Default test -->
