<?xml version="1.0" encoding="UTF-8"?>
<!-- Generated by org.testng.reporters.JUnitXMLReporter -->
<testsuite ignored="0" hostname="woong" failures="0" tests="14" name="Test" time="8.257" errors="0" timestamp="2024-05-20T16:28:22 MDT">
  <testcase classname="api.test.UserTest" name="testPostUser" time="2.046"/>
  <testcase classname="api.test.UserTest" name="testGetUser" time="0.305"/>
  <testcase classname="api.test.UserTest" name="testUpdateUser" time="0.526"/>
  <testcase classname="api.test.UserTest" name="testDeleteUser" time="0.264"/>
  <testcase classname="api.test.UserTest2" name="testPostUser" time="0.266"/>
  <testcase classname="api.test.UserTest2" name="testGetUser" time="0.264"/>
  <testcase classname="api.test.UserTest2" name="testUpdateUser" time="0.525"/>
  <testcase classname="api.test.UserTest2" name="testDeleteUser" time="0.246"/>
  <testcase classname="api.test.DDtests" name="testPostUser" time="0.252"/>
  <testcase classname="api.test.DDtests" name="testPostUser" time="0.251"/>
  <testcase classname="api.test.DDtests" name="testPostUser" time="0.244"/>
  <testcase classname="api.test.DDtests" name="testDeleteUserByName" time="0.24"/>
  <testcase classname="api.test.DDtests" name="testDeleteUserByName" time="0.243"/>
  <testcase classname="api.test.DDtests" name="testDeleteUserByName" time="0.246"/>
</testsuite> <!-- Test -->
