<?xml version="1.0" encoding="UTF-8"?>
<testsuite xmlns:xsi="http://www.w3.org/2001/XMLSchema-instance" xsi:noNamespaceSchemaLocation="https://maven.apache.org/surefire/maven-surefire-plugin/xsd/surefire-test-report-3.0.xsd" version="3.0" name="TestSuite" time="9.155" tests="14" errors="0" skipped="0" failures="0">
  <properties>
[...]
</properties>
  <testcase name="testPostUser" classname="api.test.UserTest" time="2.057">
    <system-out><![CDATA[HTTP/1.1 200 OK
Date: Mon, 20 May 2024 22:28:19 GMT
Content-Type: application/json
Transfer-Encoding: chunked
Connection: keep-alive
Access-Control-Allow-Origin: *
Access-Control-Allow-Methods: GET, POST, DELETE, PUT
Access-Control-Allow-Headers: Content-Type, api_key, Authorization
Server: Jetty(9.2.9.v20150224)

{
    "code": 200,
    "type": "unknown",
    "message": "1789452565"
}
]]></system-out>
    <system-err><![CDATA[SLF4J: Failed to load class "org.slf4j.impl.StaticLoggerBinder".
SLF4J: Defaulting to no-operation (NOP) logger implementation
SLF4J: See http://www.slf4j.org/codes.html#StaticLoggerBinder for further details.
]]></system-err>
  </testcase>
  <testcase name="testGetUser" classname="api.test.UserTest" time="0.306">
    <system-out><![CDATA[HTTP/1.1 200 OK
Date: Mon, 20 May 2024 22:28:19 GMT
Content-Type: application/json
Transfer-Encoding: chunked
Connection: keep-alive
Access-Control-Allow-Origin: *
Access-Control-Allow-Methods: GET, POST, DELETE, PUT
Access-Control-Allow-Headers: Content-Type, api_key, Authorization
Server: Jetty(9.2.9.v20150224)

{
    "id": 1789452565,
    "username": "chris.jaskolski",
    "firstName": "Wendolyn",
    "lastName": "McClure",
    "email": "zachary.jones@example.com",
    "password": "j8dkyymooy5f3h",
    "phone": "(999) 742-4461",
    "userStatus": 0
}
]]></system-out>
  </testcase>
  <testcase name="testUpdateUser" classname="api.test.UserTest" time="0.524">
    <system-out><![CDATA[HTTP/1.1 200 OK
Date: Mon, 20 May 2024 22:28:19 GMT
Content-Type: application/json
Transfer-Encoding: chunked
Connection: keep-alive
Access-Control-Allow-Origin: *
Access-Control-Allow-Methods: GET, POST, DELETE, PUT
Access-Control-Allow-Headers: Content-Type, api_key, Authorization
Server: Jetty(9.2.9.v20150224)

{
    "code": 200,
    "type": "unknown",
    "message": "1789452565"
}
HTTP/1.1 200 OK
Date: Mon, 20 May 2024 22:28:19 GMT
Content-Type: application/json
Transfer-Encoding: chunked
Connection: keep-alive
Access-Control-Allow-Origin: *
Access-Control-Allow-Methods: GET, POST, DELETE, PUT
Access-Control-Allow-Headers: Content-Type, api_key, Authorization
Server: Jetty(9.2.9.v20150224)

{
    "id": 1789452565,
    "username": "chris.jaskolski",
    "firstName": "Coletta",
    "lastName": "Okuneva",
    "email": "lauryn.abernathy@example.com",
    "password": "j8dkyymooy5f3h",
    "phone": "(999) 742-4461",
    "userStatus": 0
}
]]></system-out>
  </testcase>
  <testcase name="testDeleteUser" classname="api.test.UserTest" time="0.264"/>
  <testcase name="testPostUser" classname="api.test.UserTest2" time="0.269">
    <system-out><![CDATA[HTTP/1.1 200 OK
Date: Mon, 20 May 2024 22:28:20 GMT
Content-Type: application/json
Transfer-Encoding: chunked
Connection: keep-alive
Access-Control-Allow-Origin: *
Access-Control-Allow-Methods: GET, POST, DELETE, PUT
Access-Control-Allow-Headers: Content-Type, api_key, Authorization
Server: Jetty(9.2.9.v20150224)

{
    "code": 200,
    "type": "unknown",
    "message": "194037157"
}
]]></system-out>
  </testcase>
  <testcase name="testGetUser" classname="api.test.UserTest2" time="0.266">
    <system-out><![CDATA[HTTP/1.1 200 OK
Date: Mon, 20 May 2024 22:28:20 GMT
Content-Type: application/json
Transfer-Encoding: chunked
Connection: keep-alive
Access-Control-Allow-Origin: *
Access-Control-Allow-Methods: GET, POST, DELETE, PUT
Access-Control-Allow-Headers: Content-Type, api_key, Authorization
Server: Jetty(9.2.9.v20150224)

{
    "id": 194037157,
    "username": "camellia.bartoletti",
    "firstName": "Fredrick",
    "lastName": "Adams",
    "email": "claretha.herman@example.com",
    "password": "md71lgm572",
    "phone": "(757) 994-6516",
    "userStatus": 0
}
]]></system-out>
  </testcase>
  <testcase name="testUpdateUser" classname="api.test.UserTest2" time="0.523">
    <system-out><![CDATA[HTTP/1.1 200 OK
Date: Mon, 20 May 2024 22:28:21 GMT
Content-Type: application/json
Transfer-Encoding: chunked
Connection: keep-alive
Access-Control-Allow-Origin: *
Access-Control-Allow-Methods: GET, POST, DELETE, PUT
Access-Control-Allow-Headers: Content-Type, api_key, Authorization
Server: Jetty(9.2.9.v20150224)

{
    "code": 200,
    "type": "unknown",
    "message": "194037157"
}
HTTP/1.1 200 OK
Date: Mon, 20 May 2024 22:28:21 GMT
Content-Type: application/json
Transfer-Encoding: chunked
Connection: keep-alive
Access-Control-Allow-Origin: *
Access-Control-Allow-Methods: GET, POST, DELETE, PUT
Access-Control-Allow-Headers: Content-Type, api_key, Authorization
Server: Jetty(9.2.9.v20150224)

{
    "id": 194037157,
    "username": "camellia.bartoletti",
    "firstName": "Jess",
    "lastName": "Schmitt",
    "email": "frederick.champlin@example.com",
    "password": "md71lgm572",
    "phone": "(757) 994-6516",
    "userStatus": 0
}
]]></system-out>
  </testcase>
  <testcase name="testDeleteUser" classname="api.test.UserTest2" time="0.246"/>
  <testcase name="testPostUser[1010, testuser1, John, Canedy, a@gmail.com, test@1, 1234567897](1)" classname="api.test.DDtests" time="0.253">
    <system-out><![CDATA[HTTP/1.1 200 OK
Date: Mon, 20 May 2024 22:28:22 GMT
Content-Type: application/json
Transfer-Encoding: chunked
Connection: keep-alive
Access-Control-Allow-Origin: *
Access-Control-Allow-Methods: GET, POST, DELETE, PUT
Access-Control-Allow-Headers: Content-Type, api_key, Authorization
Server: Jetty(9.2.9.v20150224)

{
    "code": 200,
    "type": "unknown",
    "message": "1010"
}
]]></system-out>
  </testcase>
  <testcase name="testPostUser[1020, testuser2, Kim, Kom, b@gmail.com, test@2, 1234567897](2)" classname="api.test.DDtests" time="0.251">
    <system-out><![CDATA[HTTP/1.1 200 OK
Date: Mon, 20 May 2024 22:28:23 GMT
Content-Type: application/json
Transfer-Encoding: chunked
Connection: keep-alive
Access-Control-Allow-Origin: *
Access-Control-Allow-Methods: GET, POST, DELETE, PUT
Access-Control-Allow-Headers: Content-Type, api_key, Authorization
Server: Jetty(9.2.9.v20150224)

{
    "code": 200,
    "type": "unknown",
    "message": "1020"
}
]]></system-out>
  </testcase>
  <testcase name="testPostUser[1030, testuser3, Smith, Steve, c@gmail.com, test@3, 1234567897](3)" classname="api.test.DDtests" time="0.246">
    <system-out><![CDATA[HTTP/1.1 200 OK
Date: Mon, 20 May 2024 22:28:23 GMT
Content-Type: application/json
Transfer-Encoding: chunked
Connection: keep-alive
Access-Control-Allow-Origin: *
Access-Control-Allow-Methods: GET, POST, DELETE, PUT
Access-Control-Allow-Headers: Content-Type, api_key, Authorization
Server: Jetty(9.2.9.v20150224)

{
    "code": 200,
    "type": "unknown",
    "message": "1030"
}
]]></system-out>
  </testcase>
  <testcase name="testDeleteUserByName[testuser1](1)" classname="api.test.DDtests" time="0.242"/>
  <testcase name="testDeleteUserByName[testuser2](2)" classname="api.test.DDtests" time="0.244"/>
  <testcase name="testDeleteUserByName[testuser3](3)" classname="api.test.DDtests" time="0.247"/>
</testsuite>