<?xml version="1.0" encoding="UTF-8"?>
<testng-results ignored="0" total="14" passed="14" failed="0" skipped="0">
  <reporter-output>
  </reporter-output>
  <suite started-at="2024-05-20T16:28:13 MDT" name="Suite" finished-at="2024-05-20T16:28:21 MDT" duration-ms="8257">
    <groups>
    </groups>
    <test started-at="2024-05-20T16:28:13 MDT" name="Test" finished-at="2024-05-20T16:28:21 MDT" duration-ms="8257">
      <class name="api.test.DDtests">
        <test-method signature="testPostUser(java.lang.String,java.lang.String,java.lang.String,java.lang.String,java.lang.String,java.lang.String,java.lang.String)[pri:1, instance:api.test.DDtests@6a192cfe]" started-at="2024-05-20T16:28:20 MDT" name="testPostUser" data-provider="Data" finished-at="2024-05-20T16:28:20 MDT" duration-ms="252" status="PASS">
          <params>
            <param index="0">
              <value>
                <![CDATA[1010]]>
              </value>
            </param>
            <param index="1">
              <value>
                <![CDATA[testuser1]]>
              </value>
            </param>
            <param index="2">
              <value>
                <![CDATA[John]]>
              </value>
            </param>
            <param index="3">
              <value>
                <![CDATA[Canedy]]>
              </value>
            </param>
            <param index="4">
              <value>
                <![CDATA[a@gmail.com]]>
              </value>
            </param>
            <param index="5">
              <value>
                <![CDATA[test@1]]>
              </value>
            </param>
            <param index="6">
              <value>
                <![CDATA[1234567897]]>
              </value>
            </param>
          </params>
          <reporter-output>
          </reporter-output>
        </test-method> <!-- testPostUser -->
        <test-method signature="testPostUser(java.lang.String,java.lang.String,java.lang.String,java.lang.String,java.lang.String,java.lang.String,java.lang.String)[pri:1, instance:api.test.DDtests@6a192cfe]" started-at="2024-05-20T16:28:20 MDT" name="testPostUser" data-provider="Data" finished-at="2024-05-20T16:28:20 MDT" duration-ms="251" status="PASS">
          <params>
            <param index="0">
              <value>
                <![CDATA[1020]]>
              </value>
            </param>
            <param index="1">
              <value>
                <![CDATA[testuser2]]>
              </value>
            </param>
            <param index="2">
              <value>
                <![CDATA[Kim]]>
              </value>
            </param>
            <param index="3">
              <value>
                <![CDATA[Kom]]>
              </value>
            </param>
            <param index="4">
              <value>
                <![CDATA[b@gmail.com]]>
              </value>
            </param>
            <param index="5">
              <value>
                <![CDATA[test@2]]>
              </value>
            </param>
            <param index="6">
              <value>
                <![CDATA[1234567897]]>
              </value>
            </param>
          </params>
          <reporter-output>
          </reporter-output>
        </test-method> <!-- testPostUser -->
        <test-method signature="testPostUser(java.lang.String,java.lang.String,java.lang.String,java.lang.String,java.lang.String,java.lang.String,java.lang.String)[pri:1, instance:api.test.DDtests@6a192cfe]" started-at="2024-05-20T16:28:20 MDT" name="testPostUser" data-provider="Data" finished-at="2024-05-20T16:28:21 MDT" duration-ms="244" status="PASS">
          <params>
            <param index="0">
              <value>
                <![CDATA[1030]]>
              </value>
            </param>
            <param index="1">
              <value>
                <![CDATA[testuser3]]>
              </value>
            </param>
            <param index="2">
              <value>
                <![CDATA[Smith]]>
              </value>
            </param>
            <param index="3">
              <value>
                <![CDATA[Steve]]>
              </value>
            </param>
            <param index="4">
              <value>
                <![CDATA[c@gmail.com]]>
              </value>
            </param>
            <param index="5">
              <value>
                <![CDATA[test@3]]>
              </value>
            </param>
            <param index="6">
              <value>
                <![CDATA[1234567897]]>
              </value>
            </param>
          </params>
          <reporter-output>
          </reporter-output>
        </test-method> <!-- testPostUser -->
        <test-method signature="testDeleteUserByName(java.lang.String)[pri:2, instance:api.test.DDtests@6a192cfe]" started-at="2024-05-20T16:28:21 MDT" name="testDeleteUserByName" data-provider="UserNames" finished-at="2024-05-20T16:28:21 MDT" duration-ms="240" status="PASS">
          <params>
            <param index="0">
              <value>
                <![CDATA[testuser1]]>
              </value>
            </param>
          </params>
          <reporter-output>
          </reporter-output>
        </test-method> <!-- testDeleteUserByName -->
        <test-method signature="testDeleteUserByName(java.lang.String)[pri:2, instance:api.test.DDtests@6a192cfe]" started-at="2024-05-20T16:28:21 MDT" name="testDeleteUserByName" data-provider="UserNames" finished-at="2024-05-20T16:28:21 MDT" duration-ms="243" status="PASS">
          <params>
            <param index="0">
              <value>
                <![CDATA[testuser2]]>
              </value>
            </param>
          </params>
          <reporter-output>
          </reporter-output>
        </test-method> <!-- testDeleteUserByName -->
        <test-method signature="testDeleteUserByName(java.lang.String)[pri:2, instance:api.test.DDtests@6a192cfe]" started-at="2024-05-20T16:28:21 MDT" name="testDeleteUserByName" data-provider="UserNames" finished-at="2024-05-20T16:28:21 MDT" duration-ms="246" status="PASS">
          <params>
            <param index="0">
              <value>
                <![CDATA[testuser3]]>
              </value>
            </param>
          </params>
          <reporter-output>
          </reporter-output>
        </test-method> <!-- testDeleteUserByName -->
      </class> <!-- api.test.DDtests -->
      <class name="api.test.UserTest">
        <test-method is-config="true" signature="setup()[pri:0, instance:api.test.UserTest@7722c3c3]" started-at="2024-05-20T16:28:14 MDT" name="setup" finished-at="2024-05-20T16:28:14 MDT" duration-ms="842" status="PASS">
          <reporter-output>
          </reporter-output>
        </test-method> <!-- setup -->
        <test-method signature="testPostUser()[pri:1, instance:api.test.UserTest@7722c3c3]" started-at="2024-05-20T16:28:14 MDT" name="testPostUser" finished-at="2024-05-20T16:28:16 MDT" duration-ms="2046" status="PASS">
          <reporter-output>
          </reporter-output>
        </test-method> <!-- testPostUser -->
        <test-method signature="testGetUser()[pri:2, instance:api.test.UserTest@7722c3c3]" started-at="2024-05-20T16:28:16 MDT" name="testGetUser" finished-at="2024-05-20T16:28:17 MDT" duration-ms="305" status="PASS">
          <reporter-output>
          </reporter-output>
        </test-method> <!-- testGetUser -->
        <test-method signature="testUpdateUser()[pri:3, instance:api.test.UserTest@7722c3c3]" started-at="2024-05-20T16:28:17 MDT" name="testUpdateUser" finished-at="2024-05-20T16:28:17 MDT" duration-ms="526" status="PASS">
          <reporter-output>
          </reporter-output>
        </test-method> <!-- testUpdateUser -->
        <test-method signature="testDeleteUser()[pri:4, instance:api.test.UserTest@7722c3c3]" started-at="2024-05-20T16:28:17 MDT" name="testDeleteUser" finished-at="2024-05-20T16:28:18 MDT" duration-ms="264" status="PASS">
          <reporter-output>
          </reporter-output>
        </test-method> <!-- testDeleteUser -->
      </class> <!-- api.test.UserTest -->
      <class name="api.test.UserTest2">
        <test-method is-config="true" signature="setup()[pri:0, instance:api.test.UserTest2@1ea9f6af]" started-at="2024-05-20T16:28:18 MDT" name="setup" finished-at="2024-05-20T16:28:18 MDT" duration-ms="29" status="PASS">
          <reporter-output>
          </reporter-output>
        </test-method> <!-- setup -->
        <test-method signature="testPostUser()[pri:1, instance:api.test.UserTest2@1ea9f6af]" started-at="2024-05-20T16:28:18 MDT" name="testPostUser" finished-at="2024-05-20T16:28:18 MDT" duration-ms="266" status="PASS">
          <reporter-output>
          </reporter-output>
        </test-method> <!-- testPostUser -->
        <test-method signature="testGetUser()[pri:2, instance:api.test.UserTest2@1ea9f6af]" started-at="2024-05-20T16:28:18 MDT" name="testGetUser" finished-at="2024-05-20T16:28:18 MDT" duration-ms="264" status="PASS">
          <reporter-output>
          </reporter-output>
        </test-method> <!-- testGetUser -->
        <test-method signature="testUpdateUser()[pri:3, instance:api.test.UserTest2@1ea9f6af]" started-at="2024-05-20T16:28:18 MDT" name="testUpdateUser" finished-at="2024-05-20T16:28:19 MDT" duration-ms="525" status="PASS">
          <reporter-output>
          </reporter-output>
        </test-method> <!-- testUpdateUser -->
        <test-method signature="testDeleteUser()[pri:4, instance:api.test.UserTest2@1ea9f6af]" started-at="2024-05-20T16:28:19 MDT" name="testDeleteUser" finished-at="2024-05-20T16:28:19 MDT" duration-ms="246" status="PASS">
          <reporter-output>
          </reporter-output>
        </test-method> <!-- testDeleteUser -->
      </class> <!-- api.test.UserTest2 -->
    </test> <!-- Test -->
  </suite> <!-- Suite -->
</testng-results>
